[backblue.gif]
[fade.gif]
[index.html]
[www.eufxindex.com/favicon.ico]
[ajax.googleapis.com/ajax/libs/jquery/1.11.3/jquery.min.js]
[code.jquery.com/jquery-migrate-1.2.1.min.js]
[www.eufxindex.com/SKImageHandler/GetLanguageImage/cfa9ac68-a546-4aa0-a20c-34fb40e40818]
[www.eufxindex.com/SKImageHandler/GetLanguageImage/0c4ead1b-791f-4c37-a14c-c267474b5166]
[www.eufxindex.com/SKImageHandler/GetLanguageImage/7c27ca0a-1c37-4643-aac0-6d616f3b381d]
[www.eufxindex.com/SKImageHandler/GetLanguageImage/d9a2aa99-77f9-411d-a283-6bb6904b27cc]
[www.eufxindex.com/index.html]
[www.eufxindex.com/Content/Cssd776.css]
[www.eufxindex.com/Content/animate.min.css]
[www.eufxindex.com/Content/Images/img-slide00.png]
[www.eufxindex.com/Content/Images/img-promo-slider01.jpg]
[www.eufxindex.com/Content/Images/img-promo-slider02.jpg]
[www.eufxindex.com/Home.html]
[www.eufxindex.com/Content/Images/img-promo-slider03.jpg]
[www.eufxindex.com/Content/Images/img01.png]
[www.eufxindex.com/Content/Images/img-social-trading.jpg]
[www.eufxindex.com/Content/Images/img-hp-mobile-trader.png]
[www.eufxindex.com/Content/Images/img-hp-video.jpg]
[www.eufxindex.com/Content/Images/img-hp-video-xs.jpg]
[www.eufxindex.com/Content/images/ico-payment01.png]
[www.eufxindex.com/Content/images/ico-payment02.png]
[www.eufxindex.com/Content/images/ico-payment03.png]
[www.eufxindex.com/Content/images/ico-payment04.png]
[www.eufxindex.com/Content/images/ico-payment05.png]
[www.eufxindex.com/Content/images/ico-payment07.png]
[www.eufxindex.com/Content/images/ico-payment08.png]
[www.eufxindex.com/Content/images/ico-payment09.png]
[www.eufxindex.com/Content/images/ico-payment10.png]
[www.eufxindex.com/Content/images/img-logos01.png]
[www.eufxindex.com/Content/images/img-logos02.png]
[www.eufxindex.com/Content/images/img-logos03.png]
[www.eufxindex.com/Content/images/img-logos04.png]
[www.eufxindex.com/Content/images/img-logos05.png]
[www.eufxindex.com/bundles/Homeb26e]
[www.eufxindex.com/Content/Images/company_loader.gif]
[www.eufxindex.com/bundles/jquery793e]
[www.eufxindex.com/Content/images/bg-register-main.png]
[www.eufxindex.com/Content/images/bg-content.png]
[www.eufxindex.com/Content/images/separator01.png]
[www.eufxindex.com/contact-us.html]
[www.eufxindex.com/Content/images/bg-nav-drop.png]
[www.eufxindex.com/Content/images/sprite.png]
[www.eufxindex.com/Content/images/bg-contactus-heading.jpg]
[www.eufxindex.com/Content/images/bg-deposit-box.png]
[www.eufxindex.com/Content/images/bg-link-chat.png]
[www.eufxindex.com/Content/images/img-slide01.jpg]
[www.eufxindex.com/Content/images/img-slide02.jpg]
[www.eufxindex.com/Content/images/img-slide03.jpg]
[www.eufxindex.com/Content/images/bg-hp-platform-box.jpg]
[www.eufxindex.com/Content/images/bg-hp-social-trading-circle.png]
[www.eufxindex.com/Content/images/bg-hp-figures-l.jpg]
[www.eufxindex.com/Content/images/bg-hp-figures-r.jpg]
[www.eufxindex.com/Content/images/bg-hp-aboutus.jpg]
[www.eufxindex.com/Content/images/bg-btn-play.png]
[www.eufxindex.com/Content/images/bg-pager-link.png]
[www.eufxindex.com/Content/images/bg-pager.png]
[www.eufxindex.com/Content/images/bg-footer.png]
[www.eufxindex.com/Content/images/bg-media-close.png]
[www.eufxindex.com/Content/images/img-slide01-rtl.jpg]
[www.eufxindex.com/Content/images/img-slide02-rtl.jpg]
[www.eufxindex.com/Content/images/img-slide03-rtl.jpg]
[www.eufxindex.com/Content/images/bg-hp-figures-r-rtl.jpg]
[www.eufxindex.com/Content/images/bg-hp-figures-l-rtl.jpg]
[www.eufxindex.com/Content/images/bg-hp-mobile-trader-xs.jpg]
[www.eufxindex.com/Content/images/bg-hp-aboutus-xs.jpg]
[www.eufxindex.com/Content/images/img-slide01-xs.jpg]
[www.eufxindex.com/Content/images/img-slide02-xs.jpg]
[www.eufxindex.com/de.html]
[www.eufxindex.com/Content/images/img-slide03-xs.jpg]
[www.eufxindex.com/Content/images/img-slide01-xs-rtl.jpg]
[www.eufxindex.com/Content/images/img-slide02-xs-rtl.jpg]
[www.eufxindex.com/Content/images/img-slide03-xs-rtl.jpg]
[www.eufxindex.com/Content/images/img-visual02.jpg]
[www.eufxindex.com/Content/images/img-banner01.jpg]
[www.eufxindex.com/de/SKImageHandler/GetLanguageImage/0c4ead1b-791f-4c37-a14c-c267474b5166]
[www.eufxindex.com/de/SKImageHandler/GetLanguageImage/cfa9ac68-a546-4aa0-a20c-34fb40e40818]
[www.eufxindex.com/de/SKImageHandler/GetLanguageImage/7c27ca0a-1c37-4643-aac0-6d616f3b381d]
[www.eufxindex.com/de/SKImageHandler/GetLanguageImage/d9a2aa99-77f9-411d-a283-6bb6904b27cc]
[www.eufxindex.com/it.html]
[www.eufxindex.com/es.html]
[www.eufxindex.com/it/SKImageHandler/GetLanguageImage/7c27ca0a-1c37-4643-aac0-6d616f3b381d]
[www.eufxindex.com/it/SKImageHandler/GetLanguageImage/cfa9ac68-a546-4aa0-a20c-34fb40e40818]
[www.eufxindex.com/it/SKImageHandler/GetLanguageImage/0c4ead1b-791f-4c37-a14c-c267474b5166]
[www.eufxindex.com/it/SKImageHandler/GetLanguageImage/d9a2aa99-77f9-411d-a283-6bb6904b27cc]
[www.eufxindex.com/ForgotPassword.html]
[www.eufxindex.com/eu-fx.html]
[www.eufxindex.com/es/SKImageHandler/GetLanguageImage/d9a2aa99-77f9-411d-a283-6bb6904b27cc]
[www.eufxindex.com/es/SKImageHandler/GetLanguageImage/cfa9ac68-a546-4aa0-a20c-34fb40e40818]
[www.eufxindex.com/es/SKImageHandler/GetLanguageImage/0c4ead1b-791f-4c37-a14c-c267474b5166]
[www.eufxindex.com/es/SKImageHandler/GetLanguageImage/7c27ca0a-1c37-4643-aac0-6d616f3b381d]
[www.eufxindex.com/real.html]
[www.eufxindex.com/standard-account.html]
[www.eufxindex.com/premium-account.html]
[www.eufxindex.com/vip-account.html]
[www.eufxindex.com/account-comparison.html]
[www.eufxindex.com/open-a-money-manager-account.html]
[www.eufxindex.com/promotions-products.html]
[www.eufxindex.com/platforms.html]
[www.eufxindex.com/webtrader.html]
[www.eufxindex.com/products.html]
[www.eufxindex.com/forex-trading.html]
[www.eufxindex.com/precious-metals-trading.html]
[www.eufxindex.com/commodities-trading.html]
[www.eufxindex.com/oil-trading.html]
[www.eufxindex.com/indices-offering.html]
[www.eufxindex.com/bitcoin-trading.html]
[www.eufxindex.com/instruments.html]
[www.eufxindex.com/trading-info.html]
[www.eufxindex.com/trading-conditions-and-charges.html]
[www.eufxindex.com/brokerage-details-info.html]
[www.eufxindex.com/cfd-rollover.html]
[www.eufxindex.com/order-types.html]
[www.eufxindex.com/resources.html]
[www.eufxindex.com/education-center.html]
[www.eufxindex.com/autochartist.html]
[www.eufxindex.com/webinars.html]
[www.eufxindex.com/content/images/stock market.png]
[www.eufxindex.com/content/images/commodities.png]
[www.eufxindex.com/markets-news.html]
[www.eufxindex.com/content/images/forex.png]
[www.eufxindex.com/live-market-quotes.html]
[www.eufxindex.com/economic-calendar.html]
[www.eufxindex.com/market-signals.html]
[www.eufxindex.com/debit-card.html]
[www.eufxindex.com/fund-management.html]
[www.eufxindex.com/philosophy.html]
[www.eufxindex.com/strategies.html]
[www.eufxindex.com/algo-trading.html]
[www.eufxindex.com/about-us.html]
[www.eufxindex.com/eu-cookie-policy.html]
[www.eufxindex.com/our-firm.html]
[www.eufxindex.com/brokerage-details-us.html]
[www.eufxindex.com/compliance.html]
[www.eufxindex.com/deposits-and-withdrawals.html]
[www.eufxindex.com/safety-of-funds.html]
[www.eufxindex.com/privacy-policy.html]
[www.eufxindex.com/refund-policy.html]
[www.eufxindex.com/risk-disclosure.html]
[www.eufxindex.com/refer-a-friend.html]
[www.eufxindex.com/terms-and-conditions.html]
[www.eufxindex.com/demo.html]
[www.eufxindex.com/login.html]
[www.eufxindex.com/markets-newse9b2.html]
[www.eufxindex.com/markets-newsac2f.html]
[www.eufxindex.com/markets-newscd4d.html]
[www.eufxindex.com/markets-news9257.html]
[www.eufxindex.com/mob.html]
[www.eufxindex.com/Content/Images/eufx-apple-qr.png]
[www.eufxindex.com/Content/images/logo.svg]
[www.eufxindex.com/page-not-found.html]
[www.eufxindex.com/de/Home.html]
[www.eufxindex.com/it/Home.html]
[www.eufxindex.com/es/Home.html]
[www.eufxindex.com/de/contact-us.html]
[www.eufxindex.com/it/contact-us.html]
[www.eufxindex.com/es/contact-us.html]
[www.eufxindex.com/de/ForgotPassword.html]
[www.eufxindex.com/de/eu-fx.html]
[www.eufxindex.com/de/real.html]
[www.eufxindex.com/de/standard-account.html]
[www.eufxindex.com/de/premium-account.html]
[www.eufxindex.com/de/vip-account.html]
[www.eufxindex.com/de/account-comparison.html]
[www.eufxindex.com/de/open-a-money-manager-account.html]
[www.eufxindex.com/de/promotions-products.html]
[www.eufxindex.com/de/platforms.html]
[www.eufxindex.com/de/webtrader.html]
[www.eufxindex.com/de/products.html]
[www.eufxindex.com/de/forex-trading.html]
[www.eufxindex.com/de/precious-metals-trading.html]
[www.eufxindex.com/de/commodities-trading.html]
[www.eufxindex.com/de/oil-trading.html]
[www.eufxindex.com/de/indices-offering.html]
[www.eufxindex.com/de/bitcoin-trading.html]
[www.eufxindex.com/de/instruments.html]
[www.eufxindex.com/de/trading-info.html]
[www.eufxindex.com/de/trading-conditions-and-charges.html]
[www.eufxindex.com/de/brokerage-details-info.html]
[www.eufxindex.com/de/cfd-rollover.html]
[www.eufxindex.com/de/order-types.html]
[www.eufxindex.com/de/resources.html]
[www.eufxindex.com/de/education-center.html]
[www.eufxindex.com/de/autochartist.html]
[www.eufxindex.com/de/webinars.html]
[www.eufxindex.com/de/markets-news.html]
[www.eufxindex.com/de/live-market-quotes.html]
[www.eufxindex.com/de/economic-calendar.html]
[www.eufxindex.com/de/market-signals.html]
[www.eufxindex.com/de/debit-card.html]
[www.eufxindex.com/de/fund-management.html]
[www.eufxindex.com/de/philosophy.html]
[www.eufxindex.com/de/strategies.html]
[www.eufxindex.com/de/algo-trading.html]
[www.eufxindex.com/de/about-us.html]
[www.eufxindex.com/de/eu-cookie-policy.html]
[www.eufxindex.com/de/our-firm.html]
[www.eufxindex.com/de/brokerage-details-us.html]
[www.eufxindex.com/de/compliance.html]
[www.eufxindex.com/de/deposits-and-withdrawals.html]
[www.eufxindex.com/de/safety-of-funds.html]
[www.eufxindex.com/de/privacy-policy.html]
[www.eufxindex.com/de/refund-policy.html]
[www.eufxindex.com/de/risk-disclosure.html]
[www.eufxindex.com/de/refer-a-friend.html]
[www.eufxindex.com/de/terms-and-conditions.html]
[www.eufxindex.com/de/demo.html]
[www.eufxindex.com/de/login.html]
[www.eufxindex.com/de/markets-newsba43.html]
[i-invdn-com.akamaized.net/logos/investingLogo-137x25.png]
[www.eufxindex.com/de/markets-newsdb72.html]
[www.eufxindex.com/de/markets-news33e5.html]
[www.eufxindex.com/de/markets-news7341.html]
[www.eufxindex.com/de/mob.html]
[www.eufxindex.com/it/ForgotPassword.html]
[www.eufxindex.com/it/eu-fx.html]
[www.eufxindex.com/it/real.html]
[www.eufxindex.com/it/standard-account.html]
[www.eufxindex.com/it/premium-account.html]
[www.eufxindex.com/it/vip-account.html]
[www.eufxindex.com/it/account-comparison.html]
[www.eufxindex.com/it/open-a-money-manager-account.html]
[www.eufxindex.com/it/promotions-products.html]
[www.eufxindex.com/it/platforms.html]
[www.eufxindex.com/it/webtrader.html]
[www.eufxindex.com/it/products.html]
[www.eufxindex.com/it/forex-trading.html]
[www.eufxindex.com/it/precious-metals-trading.html]
[www.eufxindex.com/it/commodities-trading.html]
[www.eufxindex.com/it/oil-trading.html]
[www.eufxindex.com/it/indices-offering.html]
[www.eufxindex.com/it/bitcoin-trading.html]
[www.eufxindex.com/it/instruments.html]
[www.eufxindex.com/it/trading-info.html]
[www.eufxindex.com/it/trading-conditions-and-charges.html]
[www.eufxindex.com/it/brokerage-details-info.html]
[www.eufxindex.com/it/cfd-rollover.html]
[www.eufxindex.com/it/order-types.html]
[www.eufxindex.com/it/resources.html]
[www.eufxindex.com/it/education-center.html]
[www.eufxindex.com/it/autochartist.html]
[www.eufxindex.com/it/webinars.html]
[www.eufxindex.com/it/markets-news.html]
[www.eufxindex.com/it/live-market-quotes.html]
[www.eufxindex.com/it/economic-calendar.html]
[www.eufxindex.com/it/market-signals.html]
[www.eufxindex.com/it/debit-card.html]
[www.eufxindex.com/it/fund-management.html]
[www.eufxindex.com/it/philosophy.html]
[www.eufxindex.com/it/strategies.html]
[www.eufxindex.com/it/algo-trading.html]
[www.eufxindex.com/it/about-us.html]
[www.eufxindex.com/it/eu-cookie-policy.html]
[www.eufxindex.com/it/our-firm.html]
[www.eufxindex.com/it/brokerage-details-us.html]
[www.eufxindex.com/it/compliance.html]
[www.eufxindex.com/it/deposits-and-withdrawals.html]
[www.eufxindex.com/it/safety-of-funds.html]
[www.eufxindex.com/it/privacy-policy.html]
[www.eufxindex.com/it/refund-policy.html]
[www.eufxindex.com/it/risk-disclosure.html]
[www.eufxindex.com/it/refer-a-friend.html]
[www.eufxindex.com/it/terms-and-conditions.html]
[www.eufxindex.com/it/demo.html]
[www.eufxindex.com/it/login.html]
[www.eufxindex.com/it/markets-newsd1e8.html]
[www.eufxindex.com/it/markets-newsbcd5.html]
[www.eufxindex.com/it/markets-news2d9f.html]
[www.eufxindex.com/it/markets-news127c.html]
[www.eufxindex.com/it/mob.html]
[www.eufxindex.com/es/ForgotPassword.html]
[www.eufxindex.com/es/eu-fx.html]
[www.eufxindex.com/es/real.html]
[www.eufxindex.com/es/standard-account.html]
[www.eufxindex.com/es/premium-account.html]
[www.eufxindex.com/es/vip-account.html]
[www.eufxindex.com/es/account-comparison.html]
[www.eufxindex.com/es/open-a-money-manager-account.html]
[www.eufxindex.com/es/promotions-products.html]
[www.eufxindex.com/es/platforms.html]
[www.eufxindex.com/es/webtrader.html]
[www.eufxindex.com/es/products.html]
[www.eufxindex.com/es/forex-trading.html]
[www.eufxindex.com/es/precious-metals-trading.html]
[www.eufxindex.com/es/commodities-trading.html]
[www.eufxindex.com/es/oil-trading.html]
[www.eufxindex.com/es/indices-offering.html]
[www.eufxindex.com/es/bitcoin-trading.html]
[www.eufxindex.com/es/instruments.html]
[www.eufxindex.com/es/trading-info.html]
[www.eufxindex.com/es/trading-conditions-and-charges.html]
[www.eufxindex.com/es/brokerage-details-info.html]
[www.eufxindex.com/es/cfd-rollover.html]
[www.eufxindex.com/es/order-types.html]
[www.eufxindex.com/es/resources.html]
[www.eufxindex.com/es/education-center.html]
[www.eufxindex.com/es/autochartist.html]
[www.eufxindex.com/es/webinars.html]
[www.eufxindex.com/es/markets-news.html]
[www.eufxindex.com/es/live-market-quotes.html]
[www.eufxindex.com/es/economic-calendar.html]
[www.eufxindex.com/es/market-signals.html]
[www.eufxindex.com/es/debit-card.html]
[www.eufxindex.com/es/fund-management.html]
[www.eufxindex.com/es/philosophy.html]
[www.eufxindex.com/es/strategies.html]
[www.eufxindex.com/es/algo-trading.html]
[www.eufxindex.com/es/about-us.html]
[www.eufxindex.com/es/eu-cookie-policy.html]
[www.eufxindex.com/es/our-firm.html]
[www.eufxindex.com/es/brokerage-details-us.html]
[www.eufxindex.com/es/compliance.html]
[www.eufxindex.com/es/deposits-and-withdrawals.html]
[www.eufxindex.com/es/safety-of-funds.html]
[www.eufxindex.com/es/privacy-policy.html]
[www.eufxindex.com/es/refund-policy.html]
[www.eufxindex.com/es/risk-disclosure.html]
[www.eufxindex.com/es/refer-a-friend.html]
[www.eufxindex.com/es/terms-and-conditions.html]
[www.eufxindex.com/es/demo.html]
[www.eufxindex.com/es/login.html]
[www.eufxindex.com/es/markets-news1cd0.html]
[www.eufxindex.com/es/markets-news3770.html]
[www.eufxindex.com/es/markets-newsb5e0.html]
[www.eufxindex.com/es/markets-news783b.html]
[www.eufxindex.com/es/mob.html]
[www.eufxindex.com/markets-newscd3b.html]
[www.eufxindex.com/markets-newsa8e9.html]
[www.eufxindex.com/markets-newscd63.html]
[www.eufxindex.com/markets-news7e5c.html]
[www.eufxindex.com/markets-news0304.html]
[www.eufxindex.com/markets-news966c.html]
[www.eufxindex.com/markets-newsbed7.html]
[www.eufxindex.com/markets-news81ea.html]
[www.eufxindex.com/markets-newse689.html]
[www.eufxindex.com/markets-news2679.html]
[www.eufxindex.com/markets-news4658.html]
[www.eufxindex.com/markets-news9ba9.html]
[www.eufxindex.com/markets-newsfdb0.html]
[www.eufxindex.com/markets-newsaf4d.html]
[www.eufxindex.com/markets-news44a3.html]
[www.eufxindex.com/de/markets-newse9b2.html]
[www.eufxindex.com/it/markets-newse9b2.html]
[www.eufxindex.com/es/markets-newse9b2.html]
[www.eufxindex.com/de/markets-newsac2f.html]
[www.eufxindex.com/it/markets-newsac2f.html]
[www.eufxindex.com/es/markets-newsac2f.html]
[www.eufxindex.com/de/markets-newscd4d.html]
[www.eufxindex.com/it/markets-newscd4d.html]
[www.eufxindex.com/es/markets-newscd4d.html]
[www.eufxindex.com/de/markets-news9257.html]
[www.eufxindex.com/it/markets-news9257.html]
[www.eufxindex.com/es/markets-news9257.html]
[www.eufxindex.com/de/page-not-found.html]
[www.eufxindex.com/it/page-not-found.html]
[www.eufxindex.com/es/page-not-found.html]
[www.eufxindex.com/home-2.html]
[www.eufxindex.com/de/index.html]
[www.eufxindex.com/it/index.html]
[www.eufxindex.com/es/index.html]
[www.eufxindex.com/de/markets-newscd3b.html]
[www.eufxindex.com/de/markets-newsa8e9.html]
[www.eufxindex.com/de/markets-news966c.html]
[www.eufxindex.com/de/markets-newse1af.html]
[www.eufxindex.com/de/markets-newsb02f.html]
[www.eufxindex.com/de/markets-news7591.html]
[www.eufxindex.com/de/markets-news1b0e.html]
[www.eufxindex.com/de/markets-newsd9b9.html]
[www.eufxindex.com/de/markets-news66fb.html]
[www.eufxindex.com/de/markets-news2679.html]
[www.eufxindex.com/de/markets-news4658.html]
[www.eufxindex.com/de/markets-news9ba9.html]
[www.eufxindex.com/de/markets-newsfdb0.html]
[www.eufxindex.com/de/markets-newsaf4d.html]
[www.eufxindex.com/de/markets-news44a3.html]
[www.eufxindex.com/markets-newsba43.html]
[www.eufxindex.com/it/markets-newsba43.html]
[www.eufxindex.com/es/markets-newsba43.html]
[www.eufxindex.com/markets-newsdb72.html]
[www.eufxindex.com/it/markets-newsdb72.html]
[www.eufxindex.com/es/markets-newsdb72.html]
[www.eufxindex.com/markets-news33e5.html]
[www.eufxindex.com/it/markets-news33e5.html]
[www.eufxindex.com/es/markets-news33e5.html]
[www.eufxindex.com/markets-news7341.html]
[www.eufxindex.com/it/markets-news7341.html]
[www.eufxindex.com/es/markets-news7341.html]
[www.eufxindex.com/it/markets-news966c.html]
[www.eufxindex.com/it/markets-newsa8e9.html]
[www.eufxindex.com/it/markets-newscd3b.html]
[www.eufxindex.com/it/markets-news8a5a.html]
[www.eufxindex.com/it/markets-newsd3ff.html]
[www.eufxindex.com/it/markets-news346c.html]
[www.eufxindex.com/it/markets-news2b8b.html]
[www.eufxindex.com/it/markets-news0a38.html]
[platform.twitter.com/widgets.js]
[www.eufxindex.com/it/markets-newsc138.html]
[www.eufxindex.com/it/markets-news2679.html]
[www.eufxindex.com/it/markets-news4658.html]
[www.eufxindex.com/it/markets-news9ba9.html]
[www.eufxindex.com/it/markets-newsfdb0.html]
[www.eufxindex.com/it/markets-newsaf4d.html]
[www.eufxindex.com/it/markets-news44a3.html]
[www.eufxindex.com/markets-newsd1e8.html]
[www.eufxindex.com/de/markets-newsd1e8.html]
[www.eufxindex.com/es/markets-newsd1e8.html]
[www.eufxindex.com/markets-newsbcd5.html]
[www.eufxindex.com/de/markets-newsbcd5.html]
[www.eufxindex.com/es/markets-newsbcd5.html]
[www.eufxindex.com/markets-news2d9f.html]
[www.eufxindex.com/de/markets-news2d9f.html]
[www.eufxindex.com/es/markets-news2d9f.html]
[www.eufxindex.com/markets-news127c.html]
[www.eufxindex.com/de/markets-news127c.html]
[www.eufxindex.com/es/markets-news127c.html]
[www.eufxindex.com/es/markets-newscd3b.html]
[www.eufxindex.com/es/markets-newsa8e9.html]
[www.eufxindex.com/es/markets-news357b.html]
[www.eufxindex.com/es/markets-news1892.html]
[www.eufxindex.com/es/markets-news62e9.html]
[www.eufxindex.com/es/markets-newsb615.html]
[www.eufxindex.com/es/markets-newsc330.html]
[www.eufxindex.com/es/markets-news5674.html]
[www.eufxindex.com/es/markets-news2679.html]
[www.eufxindex.com/es/markets-news4658.html]
[www.eufxindex.com/es/markets-news9ba9.html]
[www.eufxindex.com/es/markets-newsfdb0.html]
[www.eufxindex.com/es/markets-newsaf4d.html]
[www.eufxindex.com/es/markets-news44a3.html]
[www.eufxindex.com/markets-news1cd0.html]
[www.eufxindex.com/de/markets-news1cd0.html]
[www.eufxindex.com/it/markets-news1cd0.html]
[www.eufxindex.com/markets-news3770.html]
[www.eufxindex.com/de/markets-news3770.html]
[www.eufxindex.com/it/markets-news3770.html]
[www.eufxindex.com/markets-newsb5e0.html]
[www.eufxindex.com/de/markets-newsb5e0.html]
[www.eufxindex.com/it/markets-newsb5e0.html]
[www.eufxindex.com/markets-news783b.html]
[www.eufxindex.com/de/markets-news783b.html]
[www.eufxindex.com/it/markets-news783b.html]
[www.eufxindex.com/markets-news2a2c.html]
[www.eufxindex.com/markets-newsf9a2.html]
[www.eufxindex.com/markets-newsb8b8.html]
[www.eufxindex.com/markets-news3dfa.html]
[www.eufxindex.com/markets-news1832.html]
[www.eufxindex.com/markets-newsfcdf.html]
[www.eufxindex.com/markets-newscc30.html]
[www.eufxindex.com/markets-news206a.html]
[www.eufxindex.com/markets-news4fdf.html]
[www.eufxindex.com/markets-news6e91.html]
[www.eufxindex.com/markets-news23e5.html]
[www.eufxindex.com/de/markets-newscd63.html]
[www.eufxindex.com/it/markets-newscd63.html]
[www.eufxindex.com/es/markets-newscd63.html]
[www.eufxindex.com/de/markets-news7e5c.html]
[www.eufxindex.com/it/markets-news7e5c.html]
[www.eufxindex.com/es/markets-news7e5c.html]
[www.eufxindex.com/de/markets-news0304.html]
[www.eufxindex.com/it/markets-news0304.html]
[www.eufxindex.com/es/markets-news0304.html]
[www.eufxindex.com/es/markets-news966c.html]
[www.eufxindex.com/markets-news1f22.html]
[www.eufxindex.com/markets-news3b61.html]
[www.eufxindex.com/markets-newsf084.html]
[www.eufxindex.com/markets-news0816.html]
[www.eufxindex.com/markets-newsb5b1.html]
[www.eufxindex.com/markets-newsca08.html]
[www.eufxindex.com/markets-news7437.html]
[www.eufxindex.com/markets-news088a.html]
[www.eufxindex.com/markets-news44bc.html]
[www.eufxindex.com/de/markets-newsbed7.html]
[www.eufxindex.com/it/markets-newsbed7.html]
[www.eufxindex.com/es/markets-newsbed7.html]
[www.eufxindex.com/de/markets-news81ea.html]
[www.eufxindex.com/it/markets-news81ea.html]
[www.eufxindex.com/es/markets-news81ea.html]
[www.eufxindex.com/de/markets-newse689.html]
[www.eufxindex.com/it/markets-newse689.html]
[www.eufxindex.com/es/markets-newse689.html]
[www.eufxindex.com/markets-news7f25.html]
[www.eufxindex.com/markets-news3623.html]
[www.eufxindex.com/markets-news8b16.html]
[www.eufxindex.com/markets-news14df.html]
[www.eufxindex.com/markets-news918b.html]
[www.eufxindex.com/markets-newsbc5b.html]
[www.eufxindex.com/markets-newsc7ba.html]
[www.eufxindex.com/markets-newsa8b1.html]
[www.eufxindex.com/markets-newsd137.html]
[www.eufxindex.com/markets-news0f41.html]
[www.eufxindex.com/markets-news02e4.html]
[www.eufxindex.com/markets-newsc575.html]
[www.eufxindex.com/markets-newsc308.html]
[www.eufxindex.com/markets-newsa6de.html]
[www.eufxindex.com/markets-news6410.html]
[www.eufxindex.com/markets-news11a6.html]
[www.eufxindex.com/markets-news90a9.html]
[www.eufxindex.com/markets-news3893.html]
[www.eufxindex.com/markets-news1869.html]
[www.eufxindex.com/markets-news3f4f.html]
[www.eufxindex.com/markets-newscf8c.html]
[www.eufxindex.com/markets-newsb68f.html]
[www.eufxindex.com/markets-news235c.html]
[www.eufxindex.com/markets-newse489.html]
[www.eufxindex.com/markets-news26c9.html]
[www.eufxindex.com/markets-news3416.html]
[www.eufxindex.com/markets-newse2ea.html]
[www.eufxindex.com/markets-news8098.html]
[www.eufxindex.com/markets-news22d1.html]
[www.eufxindex.com/markets-news48a6.html]
[www.eufxindex.com/markets-newsc250.html]
[www.eufxindex.com/markets-news4311.html]
[www.eufxindex.com/markets-news71e4.html]
[www.eufxindex.com/markets-newsfdfa.html]
[www.eufxindex.com/markets-news1fa9.html]
[www.eufxindex.com/markets-news4e20.html]
[www.eufxindex.com/markets-news23c8.html]
[www.eufxindex.com/markets-news79f3.html]
[www.eufxindex.com/markets-news9295.html]
[www.eufxindex.com/markets-news7999.html]
[www.eufxindex.com/markets-newse113.html]
[www.eufxindex.com/markets-newsfa7a.html]
[www.eufxindex.com/markets-newsb1e1.html]
[www.eufxindex.com/markets-news5846.html]
[www.eufxindex.com/markets-news0b08.html]
[www.eufxindex.com/markets-news5d2e.html]
[www.eufxindex.com/markets-newsb6c4.html]
[www.eufxindex.com/markets-newse01e.html]
[www.eufxindex.com/markets-newsa86f.html]
[www.eufxindex.com/markets-newsb5dc.html]
[www.eufxindex.com/markets-newsfa5d.html]
[www.eufxindex.com/markets-news1515.html]
[www.eufxindex.com/markets-news1481.html]
[www.eufxindex.com/markets-news14ae.html]
[www.eufxindex.com/markets-news9b68.html]
[www.eufxindex.com/markets-news1448.html]
[www.eufxindex.com/markets-news59b7.html]
[www.eufxindex.com/markets-news29d5.html]
[www.eufxindex.com/markets-newsc0be.html]
[www.eufxindex.com/markets-news5004.html]
[www.eufxindex.com/markets-news57be.html]
[www.eufxindex.com/markets-newsf75a.html]
[www.eufxindex.com/markets-newsf646.html]
[www.eufxindex.com/markets-newsbe86.html]
[www.eufxindex.com/markets-news79ef.html]
[www.eufxindex.com/markets-news6c5e.html]
[www.eufxindex.com/markets-news89dd.html]
[www.eufxindex.com/markets-news7251.html]
[www.eufxindex.com/markets-newscadd.html]
[www.eufxindex.com/markets-news708f.html]
[www.eufxindex.com/markets-news060d.html]
[www.eufxindex.com/de/markets-news614e.html]
[www.eufxindex.com/de/markets-newsdf83.html]
[www.eufxindex.com/de/markets-news9212.html]
[www.eufxindex.com/de/markets-newsc7ec.html]
[www.eufxindex.com/de/markets-news235f.html]
[www.eufxindex.com/de/markets-newsb44d.html]
[www.eufxindex.com/de/markets-news8f4f.html]
[www.eufxindex.com/de/markets-newsa8f5.html]
[www.eufxindex.com/de/markets-news6880.html]
[www.eufxindex.com/it/markets-newsbcef.html]
[www.eufxindex.com/it/markets-news6e3c.html]
[www.eufxindex.com/it/markets-news75f0.html]
[www.eufxindex.com/it/markets-news51a6.html]
[www.eufxindex.com/it/markets-news991e.html]
[www.eufxindex.com/it/markets-news2c9e.html]
[www.eufxindex.com/it/markets-news5e60.html]
[www.eufxindex.com/it/markets-newsa683.html]
[www.eufxindex.com/it/markets-newsb04d.html]
[www.eufxindex.com/es/markets-news3055.html]
[www.eufxindex.com/es/markets-newsdffb.html]
[www.eufxindex.com/es/markets-news1ee9.html]
[www.eufxindex.com/es/markets-newsdd50.html]
[www.eufxindex.com/es/markets-news2a10.html]
[www.eufxindex.com/es/markets-news450d.html]
[www.eufxindex.com/es/markets-news6cd7.html]
[www.eufxindex.com/es/markets-news369e.html]
[www.eufxindex.com/es/markets-news1830.html]
[www.eufxindex.com/es/markets-news81bc.html]
[www.eufxindex.com/de/home-2.html]
[www.eufxindex.com/it/home-2.html]
[www.eufxindex.com/es/home-2.html]
[www.eufxindex.com/de/markets-news22f4.html]
[www.eufxindex.com/de/markets-news3d32.html]
[www.eufxindex.com/de/markets-news8a2a.html]
[www.eufxindex.com/de/markets-news6065.html]
[www.eufxindex.com/de/markets-news6fc4.html]
[www.eufxindex.com/de/markets-newsb53f.html]
[www.eufxindex.com/de/markets-news2da3.html]
[www.eufxindex.com/de/markets-news2978.html]
[www.eufxindex.com/de/markets-news8dc0.html]
[www.eufxindex.com/de/markets-newse34c.html]
[www.eufxindex.com/de/markets-news86a9.html]
[www.eufxindex.com/markets-newse1af.html]
[www.eufxindex.com/it/markets-newse1af.html]
[www.eufxindex.com/es/markets-newse1af.html]
[www.eufxindex.com/markets-newsb02f.html]
[www.eufxindex.com/it/markets-newsb02f.html]
[www.eufxindex.com/es/markets-newsb02f.html]
[www.eufxindex.com/markets-news7591.html]
[www.eufxindex.com/it/markets-news7591.html]
[www.eufxindex.com/es/markets-news7591.html]
[www.eufxindex.com/markets-news1b0e.html]
[www.eufxindex.com/it/markets-news1b0e.html]
[www.eufxindex.com/es/markets-news1b0e.html]
[www.eufxindex.com/markets-newsd9b9.html]
[www.eufxindex.com/it/markets-newsd9b9.html]
[www.eufxindex.com/es/markets-newsd9b9.html]
[www.eufxindex.com/markets-news66fb.html]
[www.eufxindex.com/it/markets-news66fb.html]
[www.eufxindex.com/es/markets-news66fb.html]
[www.eufxindex.com/de/markets-newsfe27.html]
[www.eufxindex.com/de/markets-newsac81.html]
[www.eufxindex.com/de/markets-news7d1b.html]
[www.eufxindex.com/de/markets-newseab5.html]
[www.eufxindex.com/de/markets-newsc17b.html]
[www.eufxindex.com/de/markets-newse13d.html]
[www.eufxindex.com/de/markets-news7bd5.html]
[www.eufxindex.com/de/markets-newsbe6b.html]
[www.eufxindex.com/de/markets-news65b7.html]
[www.eufxindex.com/de/markets-newsc31d.html]
[www.eufxindex.com/de/markets-news02e4.html]
[www.eufxindex.com/de/markets-newsc575.html]
[www.eufxindex.com/de/markets-news2931.html]
[www.eufxindex.com/de/markets-news3314.html]
[www.eufxindex.com/de/markets-news770e.html]
[www.eufxindex.com/de/markets-news897e.html]
[www.eufxindex.com/de/markets-news00c0.html]
[www.eufxindex.com/de/markets-news178e.html]
[www.eufxindex.com/de/markets-news7d3b.html]
[www.eufxindex.com/de/markets-news0113.html]
[www.eufxindex.com/de/markets-newsb3a2.html]
[www.eufxindex.com/de/markets-news6739.html]
[www.eufxindex.com/de/markets-news235c.html]
[www.eufxindex.com/de/markets-news0c8a.html]
[www.eufxindex.com/de/markets-news1f46.html]
[www.eufxindex.com/de/markets-newsbffc.html]
[www.eufxindex.com/de/markets-news95b4.html]
[www.eufxindex.com/de/markets-news5315.html]
[www.eufxindex.com/de/markets-news5342.html]
[www.eufxindex.com/de/markets-news383d.html]
[www.eufxindex.com/de/markets-news832e.html]
[www.eufxindex.com/de/markets-newsfc95.html]
[www.eufxindex.com/de/markets-news74ef.html]
[www.eufxindex.com/de/markets-newsfdfa.html]
[www.eufxindex.com/de/markets-news6217.html]
[www.eufxindex.com/de/markets-news4f53.html]
[www.eufxindex.com/de/markets-newsbbb4.html]
[www.eufxindex.com/de/markets-newse8bb.html]
[www.eufxindex.com/de/markets-newsc0e4.html]
[www.eufxindex.com/de/markets-news2771.html]
[www.eufxindex.com/de/markets-news7688.html]
[www.eufxindex.com/de/markets-news7cf3.html]
[www.eufxindex.com/de/markets-news27d6.html]
[www.eufxindex.com/de/markets-news8968.html]
[www.eufxindex.com/de/markets-news0b08.html]
[www.eufxindex.com/de/markets-news08f6.html]
[www.eufxindex.com/de/markets-news325f.html]
[www.eufxindex.com/de/markets-news50bc.html]
[www.eufxindex.com/de/markets-news4ea3.html]
[www.eufxindex.com/de/markets-newsa501.html]
[www.eufxindex.com/de/markets-newsda4a.html]
[www.eufxindex.com/de/markets-news2b7f.html]
[www.eufxindex.com/de/markets-newsb1f2.html]
[www.eufxindex.com/de/markets-news1837.html]
[www.eufxindex.com/de/markets-newsbc5b.html]
[www.eufxindex.com/de/markets-news1448.html]
[www.eufxindex.com/de/markets-newsc2bb.html]
[www.eufxindex.com/de/markets-news8c33.html]
[www.eufxindex.com/de/markets-newsed7e.html]
[www.eufxindex.com/de/markets-news6756.html]
[www.eufxindex.com/de/markets-newsac43.html]
[www.eufxindex.com/de/markets-newsce6e.html]
[www.eufxindex.com/de/markets-newsf4e1.html]
[www.eufxindex.com/de/markets-news2eb6.html]
[www.eufxindex.com/de/markets-newsda96.html]
[www.eufxindex.com/de/markets-newscfa6.html]
[www.eufxindex.com/de/markets-news89dd.html]
[www.eufxindex.com/de/markets-news7251.html]
[www.eufxindex.com/de/markets-newscadd.html]
[www.eufxindex.com/de/markets-news708f.html]
[www.eufxindex.com/de/markets-news060d.html]
[www.eufxindex.com/it/markets-news0c89.html]
[www.eufxindex.com/it/markets-news0a8f.html]
[www.eufxindex.com/it/markets-news869f.html]
[www.eufxindex.com/it/markets-news0cfb.html]
[www.eufxindex.com/it/markets-news605d.html]
[www.eufxindex.com/it/markets-newscc39.html]
[www.eufxindex.com/it/markets-newsc145.html]
[www.eufxindex.com/it/markets-news825b.html]
[www.eufxindex.com/it/markets-news7ae2.html]
[www.eufxindex.com/it/markets-newsb8f4.html]
[www.eufxindex.com/it/markets-news3055.html]
[www.eufxindex.com/markets-news8a5a.html]
[www.eufxindex.com/de/markets-news8a5a.html]
[www.eufxindex.com/es/markets-news8a5a.html]
[www.eufxindex.com/markets-newsd3ff.html]
[www.eufxindex.com/de/markets-newsd3ff.html]
[www.eufxindex.com/es/markets-newsd3ff.html]
[www.eufxindex.com/markets-news346c.html]
[www.eufxindex.com/de/markets-news346c.html]
[www.eufxindex.com/es/markets-news346c.html]
[www.eufxindex.com/markets-news2b8b.html]
[www.eufxindex.com/de/markets-news2b8b.html]
[www.eufxindex.com/es/markets-news2b8b.html]
[www.eufxindex.com/markets-news0a38.html]
[www.eufxindex.com/de/markets-news0a38.html]
[www.eufxindex.com/es/markets-news0a38.html]
[www.eufxindex.com/markets-newsc138.html]
[www.eufxindex.com/de/markets-newsc138.html]
[www.eufxindex.com/es/markets-newsc138.html]
[www.eufxindex.com/it/markets-news7ac3.html]
[www.eufxindex.com/it/markets-newsad44.html]
[www.eufxindex.com/it/markets-news44be.html]
[www.eufxindex.com/it/markets-newsbc39.html]
[www.eufxindex.com/it/markets-news3ec3.html]
[www.eufxindex.com/it/markets-newsf626.html]
[www.eufxindex.com/it/markets-newse3c6.html]
[www.eufxindex.com/it/markets-newsab82.html]
[www.eufxindex.com/it/markets-newse2f9.html]
[www.eufxindex.com/it/markets-news4788.html]
[www.eufxindex.com/it/markets-news02e4.html]
[www.eufxindex.com/it/markets-newsc575.html]
[www.eufxindex.com/it/markets-newseb7b.html]
[www.eufxindex.com/it/markets-news0943.html]
[www.eufxindex.com/it/markets-news5fb7.html]
[www.eufxindex.com/it/markets-news1699.html]
[www.eufxindex.com/it/markets-news7c69.html]
[www.eufxindex.com/it/markets-news4dd8.html]
[www.eufxindex.com/it/markets-newsa02e.html]
[www.eufxindex.com/it/markets-news81ad.html]
[www.eufxindex.com/it/markets-news2deb.html]
[www.eufxindex.com/it/markets-news00d9.html]
[www.eufxindex.com/it/markets-news235c.html]
[www.eufxindex.com/it/markets-news4dca.html]
[www.eufxindex.com/it/markets-news8441.html]
[www.eufxindex.com/it/markets-newsba17.html]
[www.eufxindex.com/it/markets-news3715.html]
[www.eufxindex.com/it/markets-news3c35.html]
[www.eufxindex.com/it/markets-news2081.html]
[www.eufxindex.com/it/markets-news7f10.html]
[www.eufxindex.com/it/markets-news27ac.html]
[www.eufxindex.com/it/markets-newscc8e.html]
[www.eufxindex.com/it/markets-news1167.html]
[www.eufxindex.com/it/markets-newsfdfa.html]
[www.eufxindex.com/it/markets-news8fdb.html]
[www.eufxindex.com/it/markets-newse5c4.html]
[www.eufxindex.com/it/markets-newsc42c.html]
[www.eufxindex.com/it/markets-newsbcaa.html]
[www.eufxindex.com/it/markets-newsc8ca.html]
[www.eufxindex.com/it/markets-news561e.html]
[www.eufxindex.com/it/markets-news1af9.html]
[www.eufxindex.com/it/markets-news1d20.html]
[www.eufxindex.com/it/markets-newsa812.html]
[www.eufxindex.com/it/markets-news76f7.html]
[www.eufxindex.com/it/markets-news0b08.html]
[www.eufxindex.com/it/markets-news1f73.html]
[www.eufxindex.com/it/markets-newsffc5.html]
[www.eufxindex.com/it/markets-news9cf4.html]
[www.eufxindex.com/it/markets-newsfdaf.html]
[www.eufxindex.com/it/markets-newsb167.html]
[www.eufxindex.com/it/markets-newsc06a.html]
[www.eufxindex.com/it/markets-newsefc2.html]
[www.eufxindex.com/it/markets-news63cb.html]
[www.eufxindex.com/it/markets-news3254.html]
[www.eufxindex.com/it/markets-newseb94.html]
[www.eufxindex.com/it/markets-news1448.html]
[www.eufxindex.com/it/markets-news54ab.html]
[www.eufxindex.com/it/markets-newsbd41.html]
[www.eufxindex.com/it/markets-newsa1b3.html]
[www.eufxindex.com/it/markets-news180e.html]
[www.eufxindex.com/it/markets-news86a8.html]
[www.eufxindex.com/it/markets-news05a1.html]
[www.eufxindex.com/it/markets-newsc7e3.html]
[www.eufxindex.com/it/markets-news070d.html]
[www.eufxindex.com/it/markets-newsa021.html]
[www.eufxindex.com/it/markets-news1c96.html]
[www.eufxindex.com/it/markets-news89dd.html]
[www.eufxindex.com/it/markets-news7251.html]
[www.eufxindex.com/it/markets-newscadd.html]
[www.eufxindex.com/it/markets-news708f.html]
[www.eufxindex.com/it/markets-news060d.html]
[www.eufxindex.com/es/markets-newsa563.html]
[www.eufxindex.com/es/markets-newse01a.html]
[www.eufxindex.com/es/markets-newsba10.html]
[www.eufxindex.com/es/markets-news6f21.html]
[www.eufxindex.com/es/markets-newsb916.html]
[www.eufxindex.com/es/markets-news7032.html]
[www.eufxindex.com/es/markets-news4744.html]
[www.eufxindex.com/es/markets-news92c9.html]
[www.eufxindex.com/es/markets-news85fc.html]
[www.eufxindex.com/es/markets-news554b.html]
[www.eufxindex.com/markets-news357b.html]
[www.eufxindex.com/de/markets-news357b.html]
[www.eufxindex.com/it/markets-news357b.html]
[www.eufxindex.com/markets-news1892.html]
[www.eufxindex.com/de/markets-news1892.html]
[www.eufxindex.com/it/markets-news1892.html]
[www.eufxindex.com/markets-news62e9.html]
[www.eufxindex.com/de/markets-news62e9.html]
[www.eufxindex.com/it/markets-news62e9.html]
[www.eufxindex.com/markets-newsb615.html]
[www.eufxindex.com/de/markets-newsb615.html]
[www.eufxindex.com/it/markets-newsb615.html]
[www.eufxindex.com/markets-newsc330.html]
[www.eufxindex.com/de/markets-newsc330.html]
[www.eufxindex.com/it/markets-newsc330.html]
[www.eufxindex.com/markets-news5674.html]
[www.eufxindex.com/de/markets-news5674.html]
[www.eufxindex.com/it/markets-news5674.html]
[www.eufxindex.com/es/markets-news7729.html]
[www.eufxindex.com/es/markets-news7fef.html]
[www.eufxindex.com/es/markets-news45f8.html]
[www.eufxindex.com/es/markets-newsd205.html]
[www.eufxindex.com/es/markets-newsa5a5.html]
[www.eufxindex.com/es/markets-news6f08.html]
[www.eufxindex.com/es/markets-news5579.html]
[www.eufxindex.com/es/markets-news8f99.html]
[www.eufxindex.com/es/markets-news6487.html]
[www.eufxindex.com/es/markets-news96f9.html]
[www.eufxindex.com/es/markets-news02e4.html]
[www.eufxindex.com/es/markets-newsc575.html]
[www.eufxindex.com/es/markets-newsdb15.html]
[www.eufxindex.com/es/markets-newse0d5.html]
[www.eufxindex.com/es/markets-newse79f.html]
[www.eufxindex.com/es/markets-news0961.html]
[www.eufxindex.com/es/markets-news8c32.html]
[www.eufxindex.com/es/markets-news6831.html]
[www.eufxindex.com/es/markets-news86a9.html]
[www.eufxindex.com/es/markets-news0198.html]
[www.eufxindex.com/es/markets-newse5c6.html]
[www.eufxindex.com/es/markets-news1902.html]
[www.eufxindex.com/es/markets-news235c.html]
[www.eufxindex.com/es/markets-newsf0db.html]
[www.eufxindex.com/es/markets-news4a1b.html]
[www.eufxindex.com/es/markets-news986a.html]
[www.eufxindex.com/es/markets-newsc9e5.html]
[www.eufxindex.com/es/markets-newsb0a9.html]
[www.eufxindex.com/es/markets-news0d62.html]
[www.eufxindex.com/es/markets-newsb114.html]
[www.eufxindex.com/es/markets-news931c.html]
[www.eufxindex.com/es/markets-news846d.html]
[www.eufxindex.com/es/markets-news8e9f.html]
[www.eufxindex.com/es/markets-newsfdfa.html]
[www.eufxindex.com/es/markets-news739a.html]
[www.eufxindex.com/es/markets-newsa7c9.html]
[www.eufxindex.com/es/markets-newse55a.html]
[www.eufxindex.com/es/markets-news26cf.html]
[www.eufxindex.com/es/markets-news3623.html]
[www.eufxindex.com/es/markets-news1d24.html]
[www.eufxindex.com/es/markets-news5b23.html]
[www.eufxindex.com/es/markets-newsaff3.html]
[www.eufxindex.com/es/markets-news4bee.html]
[www.eufxindex.com/es/markets-news495f.html]
[www.eufxindex.com/es/markets-news0b08.html]
[www.eufxindex.com/es/markets-news8e8c.html]
[www.eufxindex.com/es/markets-newsdabd.html]
[www.eufxindex.com/es/markets-newscebc.html]
[www.eufxindex.com/es/markets-news4fae.html]
[www.eufxindex.com/es/markets-news2d4a.html]
[www.eufxindex.com/es/markets-news67bf.html]
[www.eufxindex.com/es/markets-news4ceb.html]
[www.eufxindex.com/es/markets-newse9a4.html]
[www.eufxindex.com/es/markets-newsd0bf.html]
[www.eufxindex.com/es/markets-news9e63.html]
[www.eufxindex.com/es/markets-news1448.html]
[www.eufxindex.com/es/markets-news5a3c.html]
[www.eufxindex.com/es/markets-news3c57.html]
[www.eufxindex.com/es/markets-newsb30a.html]
[www.eufxindex.com/es/markets-newsba68.html]
[www.eufxindex.com/es/markets-news85d1.html]
[www.eufxindex.com/es/markets-news20f8.html]
[www.eufxindex.com/es/markets-newsb995.html]
[www.eufxindex.com/es/markets-news859d.html]
[www.eufxindex.com/es/markets-newseaf7.html]
[www.eufxindex.com/es/markets-news82c7.html]
[www.eufxindex.com/es/markets-news89dd.html]
[www.eufxindex.com/es/markets-news7251.html]
[www.eufxindex.com/es/markets-newscadd.html]
[www.eufxindex.com/es/markets-news708f.html]
[www.eufxindex.com/es/markets-news060d.html]
[www.eufxindex.com/de/markets-news2a2c.html]
[www.eufxindex.com/it/markets-news2a2c.html]
[www.eufxindex.com/es/markets-news2a2c.html]
[www.eufxindex.com/de/markets-newsf9a2.html]
[www.eufxindex.com/it/markets-newsf9a2.html]
[www.eufxindex.com/es/markets-newsf9a2.html]
[www.eufxindex.com/de/markets-newsb8b8.html]
[www.eufxindex.com/it/markets-newsb8b8.html]
[www.eufxindex.com/es/markets-newsb8b8.html]
[www.eufxindex.com/de/markets-news3dfa.html]
[www.eufxindex.com/it/markets-news3dfa.html]
[www.eufxindex.com/es/markets-news3dfa.html]
[www.eufxindex.com/de/markets-news1832.html]
[www.eufxindex.com/it/markets-news1832.html]
[www.eufxindex.com/es/markets-news1832.html]
[www.eufxindex.com/de/markets-newsfcdf.html]
[www.eufxindex.com/it/markets-newsfcdf.html]
[www.eufxindex.com/es/markets-newsfcdf.html]
[www.eufxindex.com/de/markets-newscc30.html]
[www.eufxindex.com/it/markets-newscc30.html]
[www.eufxindex.com/es/markets-newscc30.html]
[www.eufxindex.com/de/markets-news206a.html]
[www.eufxindex.com/it/markets-news206a.html]
[www.eufxindex.com/es/markets-news206a.html]
[www.eufxindex.com/de/markets-news4fdf.html]
[www.eufxindex.com/it/markets-news4fdf.html]
[www.eufxindex.com/es/markets-news4fdf.html]
[www.eufxindex.com/de/markets-news6e91.html]
[www.eufxindex.com/it/markets-news6e91.html]
[www.eufxindex.com/es/markets-news6e91.html]
[www.eufxindex.com/de/markets-news23e5.html]
[www.eufxindex.com/it/markets-news23e5.html]
[www.eufxindex.com/es/markets-news23e5.html]
[www.eufxindex.com/de/markets-news1f22.html]
[www.eufxindex.com/it/markets-news1f22.html]
[www.eufxindex.com/es/markets-news1f22.html]
[www.eufxindex.com/de/markets-news3b61.html]
[www.eufxindex.com/it/markets-news3b61.html]
[www.eufxindex.com/es/markets-news3b61.html]
[www.eufxindex.com/de/markets-newsf084.html]
[www.eufxindex.com/it/markets-newsf084.html]
[www.eufxindex.com/es/markets-newsf084.html]
[www.eufxindex.com/de/markets-news0816.html]
[www.eufxindex.com/it/markets-news0816.html]
[www.eufxindex.com/es/markets-news0816.html]
[www.eufxindex.com/de/markets-newsb5b1.html]
[www.eufxindex.com/it/markets-newsb5b1.html]
[www.eufxindex.com/es/markets-newsb5b1.html]
[www.eufxindex.com/de/markets-newsca08.html]
[www.eufxindex.com/it/markets-newsca08.html]
[www.eufxindex.com/es/markets-newsca08.html]
[www.eufxindex.com/de/markets-news7437.html]
[www.eufxindex.com/it/markets-news7437.html]
[www.eufxindex.com/es/markets-news7437.html]
[www.eufxindex.com/de/markets-news088a.html]
[www.eufxindex.com/it/markets-news088a.html]
[www.eufxindex.com/es/markets-news088a.html]
[www.eufxindex.com/de/markets-news44bc.html]
[www.eufxindex.com/it/markets-news44bc.html]
[www.eufxindex.com/es/markets-news44bc.html]
[www.eufxindex.com/de/markets-news7f25.html]
[www.eufxindex.com/it/markets-news7f25.html]
[www.eufxindex.com/es/markets-news7f25.html]
[www.eufxindex.com/de/markets-news3623.html]
[www.eufxindex.com/it/markets-news3623.html]
[www.eufxindex.com/es/markets-news3623-2.html]
[www.eufxindex.com/de/markets-news8b16.html]
[www.eufxindex.com/it/markets-news8b16.html]
[www.eufxindex.com/es/markets-news8b16.html]
[www.eufxindex.com/de/markets-news14df.html]
[www.eufxindex.com/it/markets-news14df.html]
[www.eufxindex.com/es/markets-news14df.html]
[www.eufxindex.com/de/markets-news918b.html]
[www.eufxindex.com/it/markets-news918b.html]
[www.eufxindex.com/es/markets-news918b.html]
[www.eufxindex.com/de/markets-newsbc5b-2.html]
[www.eufxindex.com/it/markets-newsbc5b.html]
[www.eufxindex.com/es/markets-newsbc5b.html]
[www.eufxindex.com/de/markets-newsc7ba.html]
[www.eufxindex.com/it/markets-newsc7ba.html]
[www.eufxindex.com/es/markets-newsc7ba.html]
[www.eufxindex.com/de/markets-newsa8b1.html]
[www.eufxindex.com/it/markets-newsa8b1.html]
[www.eufxindex.com/es/markets-newsa8b1.html]
[www.eufxindex.com/de/markets-newsd137.html]
[www.eufxindex.com/it/markets-newsd137.html]
[www.eufxindex.com/es/markets-newsd137.html]
[www.eufxindex.com/de/markets-news0f41.html]
[www.eufxindex.com/it/markets-news0f41.html]
[www.eufxindex.com/es/markets-news0f41.html]
[www.eufxindex.com/markets-newsc9fc.html]
[www.eufxindex.com/markets-news5eb7.html]
[www.eufxindex.com/markets-news6f3e.html]
[www.eufxindex.com/markets-news5eeb.html]
[www.eufxindex.com/markets-newsb708.html]
[www.eufxindex.com/markets-news20be.html]
[www.eufxindex.com/markets-news2e80.html]
[www.eufxindex.com/markets-newsa40f.html]
[www.eufxindex.com/markets-newsce4a.html]
[www.eufxindex.com/markets-newsad1b.html]
[www.eufxindex.com/markets-news1c8b.html]
[www.eufxindex.com/de/markets-newsc308.html]
[www.eufxindex.com/it/markets-newsc308.html]
[www.eufxindex.com/es/markets-newsc308.html]
[www.eufxindex.com/de/markets-newsa6de.html]
[www.eufxindex.com/it/markets-newsa6de.html]
[www.eufxindex.com/es/markets-newsa6de.html]
[www.eufxindex.com/de/markets-news6410.html]
[www.eufxindex.com/it/markets-news6410.html]
[www.eufxindex.com/es/markets-news6410.html]
[www.eufxindex.com/de/markets-news11a6.html]
[www.eufxindex.com/it/markets-news11a6.html]
[www.eufxindex.com/es/markets-news11a6.html]
[www.eufxindex.com/de/markets-news90a9.html]
[www.eufxindex.com/it/markets-news90a9.html]
[www.eufxindex.com/es/markets-news90a9.html]
[www.eufxindex.com/de/markets-news3893.html]
[www.eufxindex.com/it/markets-news3893.html]
[www.eufxindex.com/es/markets-news3893.html]
[www.eufxindex.com/de/markets-news1869.html]
[www.eufxindex.com/it/markets-news1869.html]
[www.eufxindex.com/es/markets-news1869.html]
[www.eufxindex.com/de/markets-news3f4f.html]
[www.eufxindex.com/it/markets-news3f4f.html]
[www.eufxindex.com/es/markets-news3f4f.html]
[www.eufxindex.com/de/markets-newscf8c.html]
[www.eufxindex.com/it/markets-newscf8c.html]
[www.eufxindex.com/es/markets-newscf8c.html]
[www.eufxindex.com/de/markets-newsb68f.html]
[www.eufxindex.com/it/markets-newsb68f.html]
[www.eufxindex.com/es/markets-newsb68f.html]
[www.eufxindex.com/markets-news0a0b.html]
[www.eufxindex.com/markets-news60c8.html]
[www.eufxindex.com/markets-news4bb2.html]
[www.eufxindex.com/markets-news1d7d.html]
[www.eufxindex.com/markets-newsa4c6.html]
[www.eufxindex.com/markets-newsc247.html]
[www.eufxindex.com/markets-newsb3cf.html]
[www.eufxindex.com/markets-newsb6fe.html]
[www.eufxindex.com/markets-newse20c.html]
[www.eufxindex.com/markets-news1bba.html]
[www.eufxindex.com/markets-newsce37.html]
[www.eufxindex.com/de/markets-newse489.html]
[www.eufxindex.com/it/markets-newse489.html]
[www.eufxindex.com/es/markets-newse489.html]
[www.eufxindex.com/de/markets-news26c9.html]
[www.eufxindex.com/it/markets-news26c9.html]
[www.eufxindex.com/es/markets-news26c9.html]
[www.eufxindex.com/de/markets-news3416.html]
[www.eufxindex.com/it/markets-news3416.html]
[www.eufxindex.com/es/markets-news3416.html]
[www.eufxindex.com/de/markets-newse2ea.html]
[www.eufxindex.com/it/markets-newse2ea.html]
[www.eufxindex.com/es/markets-newse2ea.html]
[www.eufxindex.com/de/markets-news8098.html]
[www.eufxindex.com/it/markets-news8098.html]
[www.eufxindex.com/es/markets-news8098.html]
[www.eufxindex.com/de/markets-news22d1.html]
[www.eufxindex.com/it/markets-news22d1.html]
[www.eufxindex.com/es/markets-news22d1.html]
[www.eufxindex.com/de/markets-news48a6.html]
[www.eufxindex.com/it/markets-news48a6.html]
[www.eufxindex.com/es/markets-news48a6.html]
[www.eufxindex.com/de/markets-newsc250.html]
[www.eufxindex.com/it/markets-newsc250.html]
[www.eufxindex.com/es/markets-newsc250.html]
[www.eufxindex.com/de/markets-news4311.html]
[www.eufxindex.com/it/markets-news4311.html]
[www.eufxindex.com/es/markets-news4311.html]
[www.eufxindex.com/de/markets-news71e4.html]
[www.eufxindex.com/it/markets-news71e4.html]
[www.eufxindex.com/es/markets-news71e4.html]
[www.eufxindex.com/markets-news9b54.html]
[www.eufxindex.com/markets-news9f3e.html]
[www.eufxindex.com/markets-newsa091.html]
[www.eufxindex.com/markets-newsd1af.html]
[www.eufxindex.com/markets-newsbb16.html]
[www.eufxindex.com/markets-newsdf75.html]
[www.eufxindex.com/markets-news394d.html]
[www.eufxindex.com/markets-news91be.html]
[www.eufxindex.com/markets-newsc352.html]
[www.eufxindex.com/markets-newsb977.html]
[www.eufxindex.com/markets-news8c93.html]
[www.eufxindex.com/de/markets-news1fa9.html]
[www.eufxindex.com/it/markets-news1fa9.html]
[www.eufxindex.com/es/markets-news1fa9.html]
[www.eufxindex.com/de/markets-news4e20.html]
[www.eufxindex.com/it/markets-news4e20.html]
[www.eufxindex.com/es/markets-news4e20.html]
[www.eufxindex.com/de/markets-news23c8.html]
[www.eufxindex.com/it/markets-news23c8.html]
[www.eufxindex.com/es/markets-news23c8.html]
[www.eufxindex.com/de/markets-news79f3.html]
[www.eufxindex.com/it/markets-news79f3.html]
[www.eufxindex.com/es/markets-news79f3.html]
[www.eufxindex.com/de/markets-news9295.html]
[www.eufxindex.com/it/markets-news9295.html]
[www.eufxindex.com/es/markets-news9295.html]
[www.eufxindex.com/de/markets-news7999.html]
[www.eufxindex.com/it/markets-news7999.html]
[www.eufxindex.com/es/markets-news7999.html]
[www.eufxindex.com/de/markets-newse113.html]
[www.eufxindex.com/it/markets-newse113.html]
[www.eufxindex.com/es/markets-newse113.html]
[www.eufxindex.com/de/markets-newsfa7a.html]
[www.eufxindex.com/it/markets-newsfa7a.html]
[www.eufxindex.com/es/markets-newsfa7a.html]
[www.eufxindex.com/de/markets-newsb1e1.html]
[www.eufxindex.com/it/markets-newsb1e1.html]
[www.eufxindex.com/es/markets-newsb1e1.html]
[www.eufxindex.com/de/markets-news5846.html]
[www.eufxindex.com/it/markets-news5846.html]
[www.eufxindex.com/es/markets-news5846.html]
[www.eufxindex.com/markets-newsf2b7.html]
[www.eufxindex.com/markets-news38a5.html]
[www.eufxindex.com/markets-news63d1.html]
[www.eufxindex.com/markets-news0b74.html]
[www.eufxindex.com/markets-news33b1.html]
[www.eufxindex.com/markets-newsca03.html]
[www.eufxindex.com/markets-newse834.html]
[www.eufxindex.com/markets-news30d6.html]
[www.eufxindex.com/markets-newsf36b.html]
[www.eufxindex.com/markets-news0099.html]
[www.eufxindex.com/markets-newsa7f1.html]
[www.eufxindex.com/de/markets-news5d2e.html]
[www.eufxindex.com/it/markets-news5d2e.html]
[www.eufxindex.com/es/markets-news5d2e.html]
[www.eufxindex.com/de/markets-newsb6c4.html]
[www.eufxindex.com/it/markets-newsb6c4.html]
[www.eufxindex.com/es/markets-newsb6c4.html]
[www.eufxindex.com/de/markets-newse01e.html]
[www.eufxindex.com/it/markets-newse01e.html]
[www.eufxindex.com/es/markets-newse01e.html]
[www.eufxindex.com/de/markets-newsa86f.html]
[www.eufxindex.com/it/markets-newsa86f.html]
[www.eufxindex.com/es/markets-newsa86f.html]
[www.eufxindex.com/de/markets-newsb5dc.html]
[www.eufxindex.com/it/markets-newsb5dc.html]
[www.eufxindex.com/es/markets-newsb5dc.html]
[www.eufxindex.com/de/markets-newsfa5d.html]
[www.eufxindex.com/it/markets-newsfa5d.html]
[www.eufxindex.com/es/markets-newsfa5d.html]
[www.eufxindex.com/de/markets-news1515.html]
[www.eufxindex.com/it/markets-news1515.html]
[www.eufxindex.com/es/markets-news1515.html]
[www.eufxindex.com/de/markets-news1481.html]
[www.eufxindex.com/it/markets-news1481.html]
[www.eufxindex.com/es/markets-news1481.html]
[www.eufxindex.com/de/markets-news14ae.html]
[www.eufxindex.com/it/markets-news14ae.html]
[www.eufxindex.com/es/markets-news14ae.html]
[www.eufxindex.com/de/markets-news9b68.html]
[www.eufxindex.com/it/markets-news9b68.html]
[www.eufxindex.com/es/markets-news9b68.html]
[www.eufxindex.com/markets-news0b66.html]
[www.eufxindex.com/markets-newsa1e7.html]
[www.eufxindex.com/markets-newsd35e.html]
[www.eufxindex.com/markets-news208c.html]
[www.eufxindex.com/markets-news3dcf.html]
[www.eufxindex.com/markets-news0f67.html]
[www.eufxindex.com/markets-newsa30e.html]
[www.eufxindex.com/markets-newsef60.html]
[www.eufxindex.com/markets-news4da5.html]
[www.eufxindex.com/markets-news1b0d.html]
[www.eufxindex.com/markets-news5760.html]
[www.eufxindex.com/de/markets-news59b7.html]
[www.eufxindex.com/it/markets-news59b7.html]
[www.eufxindex.com/es/markets-news59b7.html]
[www.eufxindex.com/de/markets-news29d5.html]
[www.eufxindex.com/it/markets-news29d5.html]
[www.eufxindex.com/es/markets-news29d5.html]
[www.eufxindex.com/de/markets-newsc0be.html]
[www.eufxindex.com/it/markets-newsc0be.html]
[www.eufxindex.com/es/markets-newsc0be.html]
[www.eufxindex.com/de/markets-news5004.html]
[www.eufxindex.com/it/markets-news5004.html]
[www.eufxindex.com/es/markets-news5004.html]
[www.eufxindex.com/de/markets-news57be.html]
[www.eufxindex.com/it/markets-news57be.html]
[www.eufxindex.com/es/markets-news57be.html]
[www.eufxindex.com/de/markets-newsf75a.html]
[www.eufxindex.com/it/markets-newsf75a.html]
[www.eufxindex.com/es/markets-newsf75a.html]
[www.eufxindex.com/de/markets-newsf646.html]
[www.eufxindex.com/it/markets-newsf646.html]
[www.eufxindex.com/es/markets-newsf646.html]
[www.eufxindex.com/de/markets-newsbe86.html]
[www.eufxindex.com/it/markets-newsbe86.html]
[www.eufxindex.com/es/markets-newsbe86.html]
[www.eufxindex.com/de/markets-news79ef.html]
[www.eufxindex.com/it/markets-news79ef.html]
[www.eufxindex.com/es/markets-news79ef.html]
[www.eufxindex.com/de/markets-news6c5e.html]
[www.eufxindex.com/it/markets-news6c5e.html]
[www.eufxindex.com/es/markets-news6c5e.html]
[www.eufxindex.com/markets-news3075.html]
[www.eufxindex.com/markets-newsb23e.html]
[www.eufxindex.com/markets-newsfe0e.html]
[www.eufxindex.com/markets-newsf1c8.html]
[www.eufxindex.com/markets-newscbc8.html]
[www.eufxindex.com/markets-news9a34.html]
[www.eufxindex.com/markets-news4bf8.html]
[www.eufxindex.com/markets-news2afd.html]
[www.eufxindex.com/markets-news3588.html]
[www.eufxindex.com/markets-newsccf5.html]
[www.eufxindex.com/markets-news324e.html]
[www.eufxindex.com/markets-news85a1.html]
[www.eufxindex.com/markets-news9e63.html]
[www.eufxindex.com/markets-news4a90.html]
[www.eufxindex.com/markets-news06b9.html]
[www.eufxindex.com/markets-news0573.html]
[www.eufxindex.com/markets-news0ee3.html]
[www.eufxindex.com/markets-news59cb.html]
[www.eufxindex.com/markets-news74de.html]
[www.eufxindex.com/markets-newsf645.html]
[www.eufxindex.com/markets-news74bf.html]
[www.eufxindex.com/markets-news8b08.html]
[www.eufxindex.com/markets-newsce8a.html]
[www.eufxindex.com/markets-news6c2f.html]
[www.eufxindex.com/markets-news3963.html]
[www.eufxindex.com/markets-news1b4d.html]
[www.eufxindex.com/markets-news14e7.html]
[www.eufxindex.com/markets-newsd21c.html]
[www.eufxindex.com/markets-news3084.html]
[www.eufxindex.com/markets-news3fa9.html]
[www.eufxindex.com/markets-news98a6.html]
[www.eufxindex.com/markets-newsf6d5.html]
[www.eufxindex.com/markets-news323a.html]
[www.eufxindex.com/markets-newsa52a.html]
[www.eufxindex.com/markets-newsa32d.html]
[www.eufxindex.com/markets-newsd894.html]
[www.eufxindex.com/markets-newsae34.html]
[www.eufxindex.com/markets-news40bf.html]
[www.eufxindex.com/markets-news2f69.html]
[www.eufxindex.com/markets-news5f14.html]
[www.eufxindex.com/markets-news278a.html]
[www.eufxindex.com/markets-news1515-2.html]
[www.eufxindex.com/markets-news32bb.html]
[www.eufxindex.com/markets-news1791.html]
[www.eufxindex.com/markets-news9d1a.html]
[www.eufxindex.com/markets-news063f.html]
[www.eufxindex.com/markets-news155a.html]
[www.eufxindex.com/markets-newsd70d.html]
[www.eufxindex.com/markets-newsf88b.html]
[www.eufxindex.com/markets-news745b.html]
[www.eufxindex.com/markets-news41cd.html]
[www.eufxindex.com/markets-news58f6.html]
[www.eufxindex.com/markets-newse451.html]
[www.eufxindex.com/markets-newsa9c1.html]
[www.eufxindex.com/markets-news1fb0.html]
[www.eufxindex.com/markets-news614e.html]
[www.eufxindex.com/it/markets-news614e.html]
[www.eufxindex.com/es/markets-news614e.html]
[www.eufxindex.com/markets-newsdf83.html]
[www.eufxindex.com/it/markets-newsdf83.html]
[www.eufxindex.com/es/markets-newsdf83.html]
[www.eufxindex.com/markets-news9212.html]
[www.eufxindex.com/it/markets-news9212.html]
[www.eufxindex.com/es/markets-news9212.html]
[www.eufxindex.com/markets-newsc7ec.html]
[www.eufxindex.com/it/markets-newsc7ec.html]
[www.eufxindex.com/es/markets-newsc7ec.html]
[www.eufxindex.com/markets-news235f.html]
[www.eufxindex.com/it/markets-news235f.html]
[www.eufxindex.com/es/markets-news235f.html]
[www.eufxindex.com/markets-newsb44d.html]
[www.eufxindex.com/it/markets-newsb44d.html]
[www.eufxindex.com/es/markets-newsb44d.html]
[www.eufxindex.com/markets-news8f4f.html]
[www.eufxindex.com/it/markets-news8f4f.html]
[www.eufxindex.com/es/markets-news8f4f.html]
[www.eufxindex.com/markets-newsa8f5.html]
[www.eufxindex.com/it/markets-newsa8f5.html]
[www.eufxindex.com/es/markets-newsa8f5.html]
[www.eufxindex.com/markets-news6880.html]
[www.eufxindex.com/it/markets-news6880.html]
[www.eufxindex.com/es/markets-news6880.html]
[www.eufxindex.com/markets-newsbcef.html]
[www.eufxindex.com/de/markets-newsbcef.html]
[www.eufxindex.com/es/markets-newsbcef.html]
[www.eufxindex.com/markets-news6e3c.html]
[www.eufxindex.com/de/markets-news6e3c.html]
[www.eufxindex.com/es/markets-news6e3c.html]
[www.eufxindex.com/markets-news75f0.html]
[www.eufxindex.com/de/markets-news75f0.html]
[www.eufxindex.com/es/markets-news75f0.html]
[www.eufxindex.com/markets-news51a6.html]
[www.eufxindex.com/de/markets-news51a6.html]
[www.eufxindex.com/es/markets-news51a6.html]
[www.eufxindex.com/markets-news991e.html]
[www.eufxindex.com/de/markets-news991e.html]
[www.eufxindex.com/es/markets-news991e.html]
[www.eufxindex.com/markets-news2c9e.html]
[www.eufxindex.com/de/markets-news2c9e.html]
[www.eufxindex.com/es/markets-news2c9e.html]
[www.eufxindex.com/markets-news5e60.html]
[www.eufxindex.com/de/markets-news5e60.html]
[www.eufxindex.com/es/markets-news5e60.html]
[www.eufxindex.com/markets-newsa683.html]
[www.eufxindex.com/de/markets-newsa683.html]
[www.eufxindex.com/es/markets-newsa683.html]
[www.eufxindex.com/markets-newsb04d.html]
[www.eufxindex.com/de/markets-newsb04d.html]
[www.eufxindex.com/es/markets-newsb04d.html]
[www.eufxindex.com/markets-news3055.html]
[www.eufxindex.com/de/markets-news3055.html]
[www.eufxindex.com/it/markets-news3055-2.html]
[www.eufxindex.com/markets-newsdffb.html]
[www.eufxindex.com/de/markets-newsdffb.html]
[www.eufxindex.com/it/markets-newsdffb.html]
[www.eufxindex.com/markets-news1ee9.html]
[www.eufxindex.com/de/markets-news1ee9.html]
[www.eufxindex.com/it/markets-news1ee9.html]
[www.eufxindex.com/markets-newsdd50.html]
[www.eufxindex.com/de/markets-newsdd50.html]
[www.eufxindex.com/it/markets-newsdd50.html]
[www.eufxindex.com/markets-news2a10.html]
[www.eufxindex.com/de/markets-news2a10.html]
[www.eufxindex.com/it/markets-news2a10.html]
[www.eufxindex.com/markets-news450d.html]
[www.eufxindex.com/de/markets-news450d.html]
[www.eufxindex.com/it/markets-news450d.html]
[www.eufxindex.com/markets-news6cd7.html]
[www.eufxindex.com/de/markets-news6cd7.html]
[www.eufxindex.com/it/markets-news6cd7.html]
[www.eufxindex.com/markets-news369e.html]
[www.eufxindex.com/de/markets-news369e.html]
[www.eufxindex.com/it/markets-news369e.html]
[www.eufxindex.com/markets-news1830.html]
[www.eufxindex.com/de/markets-news1830.html]
[www.eufxindex.com/it/markets-news1830.html]
[www.eufxindex.com/markets-news81bc.html]
[www.eufxindex.com/de/markets-news81bc.html]
[www.eufxindex.com/it/markets-news81bc.html]
[www.eufxindex.com/markets-news22f4.html]
[www.eufxindex.com/it/markets-news22f4.html]
[www.eufxindex.com/es/markets-news22f4.html]
[www.eufxindex.com/markets-news3d32.html]
[www.eufxindex.com/it/markets-news3d32.html]
[www.eufxindex.com/es/markets-news3d32.html]
[www.eufxindex.com/markets-news8a2a.html]
[www.eufxindex.com/it/markets-news8a2a.html]
[www.eufxindex.com/es/markets-news8a2a.html]
[www.eufxindex.com/markets-news6065.html]
[www.eufxindex.com/it/markets-news6065.html]
[www.eufxindex.com/es/markets-news6065.html]
[www.eufxindex.com/markets-news6fc4.html]
[www.eufxindex.com/it/markets-news6fc4.html]
[www.eufxindex.com/es/markets-news6fc4.html]
[www.eufxindex.com/markets-newsb53f.html]
[www.eufxindex.com/it/markets-newsb53f.html]
[www.eufxindex.com/es/markets-newsb53f.html]
[www.eufxindex.com/markets-news2da3.html]
[www.eufxindex.com/it/markets-news2da3.html]
[www.eufxindex.com/es/markets-news2da3.html]
[www.eufxindex.com/markets-news2978.html]
[www.eufxindex.com/it/markets-news2978.html]
[www.eufxindex.com/es/markets-news2978.html]
[www.eufxindex.com/markets-news8dc0.html]
[www.eufxindex.com/it/markets-news8dc0.html]
[www.eufxindex.com/es/markets-news8dc0.html]
[www.eufxindex.com/markets-newse34c.html]
[www.eufxindex.com/it/markets-newse34c.html]
[www.eufxindex.com/es/markets-newse34c.html]
[www.eufxindex.com/markets-news86a9.html]
[www.eufxindex.com/it/markets-news86a9.html]
[www.eufxindex.com/es/markets-news86a9-2.html]
[www.eufxindex.com/markets-newsfe27.html]
[www.eufxindex.com/it/markets-newsfe27.html]
[www.eufxindex.com/es/markets-newsfe27.html]
[www.eufxindex.com/markets-newsac81.html]
[www.eufxindex.com/it/markets-newsac81.html]
[www.eufxindex.com/es/markets-newsac81.html]
[www.eufxindex.com/markets-news7d1b.html]
[www.eufxindex.com/it/markets-news7d1b.html]
[www.eufxindex.com/es/markets-news7d1b.html]
[www.eufxindex.com/markets-newseab5.html]
[www.eufxindex.com/it/markets-newseab5.html]
[www.eufxindex.com/es/markets-newseab5.html]
[www.eufxindex.com/markets-newsc17b.html]
[www.eufxindex.com/it/markets-newsc17b.html]
[www.eufxindex.com/es/markets-newsc17b.html]
[www.eufxindex.com/markets-newse13d.html]
[www.eufxindex.com/it/markets-newse13d.html]
[www.eufxindex.com/es/markets-newse13d.html]
[www.eufxindex.com/markets-news7bd5.html]
[www.eufxindex.com/it/markets-news7bd5.html]
[www.eufxindex.com/es/markets-news7bd5.html]
[www.eufxindex.com/markets-newsbe6b.html]
[www.eufxindex.com/it/markets-newsbe6b.html]
[www.eufxindex.com/es/markets-newsbe6b.html]
[www.eufxindex.com/markets-news65b7.html]
[www.eufxindex.com/it/markets-news65b7.html]
[www.eufxindex.com/es/markets-news65b7.html]
[www.eufxindex.com/markets-newsc31d.html]
[www.eufxindex.com/it/markets-newsc31d.html]
[www.eufxindex.com/es/markets-newsc31d.html]
[www.eufxindex.com/de/markets-news3a82.html]
[www.eufxindex.com/de/markets-newsaa1c.html]
[www.eufxindex.com/de/markets-newsfe2f.html]
[www.eufxindex.com/de/markets-newsf8d4.html]
[www.eufxindex.com/de/markets-news21e1.html]
[www.eufxindex.com/de/markets-newsdfc3.html]
[www.eufxindex.com/de/markets-newse2f5.html]
[www.eufxindex.com/de/markets-news70d1.html]
[www.eufxindex.com/de/markets-newsfdc9.html]
[www.eufxindex.com/de/markets-news5849.html]
[www.eufxindex.com/de/markets-news1c8b.html]
[www.eufxindex.com/content/images/economic indicators.png]
[www.eufxindex.com/markets-news2931.html]
[www.eufxindex.com/it/markets-news2931.html]
[www.eufxindex.com/es/markets-news2931.html]
[www.eufxindex.com/markets-news3314.html]
[www.eufxindex.com/it/markets-news3314.html]
[www.eufxindex.com/es/markets-news3314.html]
[www.eufxindex.com/markets-news770e.html]
[www.eufxindex.com/it/markets-news770e.html]
[www.eufxindex.com/es/markets-news770e.html]
[www.eufxindex.com/markets-news897e.html]
[www.eufxindex.com/it/markets-news897e.html]
[www.eufxindex.com/es/markets-news897e.html]
[www.eufxindex.com/markets-news00c0.html]
[www.eufxindex.com/it/markets-news00c0.html]
[www.eufxindex.com/es/markets-news00c0.html]
[www.eufxindex.com/markets-news178e.html]
[www.eufxindex.com/it/markets-news178e.html]
[www.eufxindex.com/es/markets-news178e.html]
[www.eufxindex.com/markets-news7d3b.html]
[www.eufxindex.com/it/markets-news7d3b.html]
[www.eufxindex.com/es/markets-news7d3b.html]
[www.eufxindex.com/markets-news0113.html]
[www.eufxindex.com/it/markets-news0113.html]
[www.eufxindex.com/es/markets-news0113.html]
[www.eufxindex.com/markets-newsb3a2.html]
[www.eufxindex.com/it/markets-newsb3a2.html]
[www.eufxindex.com/es/markets-newsb3a2.html]
[www.eufxindex.com/markets-news6739.html]
[www.eufxindex.com/it/markets-news6739.html]
[www.eufxindex.com/es/markets-news6739.html]
[www.eufxindex.com/de/markets-news0efb.html]
[www.eufxindex.com/de/markets-news81d0.html]
[www.eufxindex.com/de/markets-news8330.html]
[www.eufxindex.com/de/markets-news41ca.html]
[www.eufxindex.com/de/markets-newsf111.html]
[www.eufxindex.com/de/markets-news67bd.html]
[www.eufxindex.com/de/markets-news1a5a.html]
[www.eufxindex.com/de/markets-news69e0.html]
[www.eufxindex.com/de/markets-news5f33.html]
[www.eufxindex.com/de/markets-news57ab.html]
[www.eufxindex.com/de/markets-newsce37.html]
[www.eufxindex.com/markets-news0c8a.html]
[www.eufxindex.com/it/markets-news0c8a.html]
[www.eufxindex.com/es/markets-news0c8a.html]
[www.eufxindex.com/markets-news1f46.html]
[www.eufxindex.com/it/markets-news1f46.html]
[www.eufxindex.com/es/markets-news1f46.html]
[www.eufxindex.com/markets-newsbffc.html]
[www.eufxindex.com/it/markets-newsbffc.html]
[www.eufxindex.com/es/markets-newsbffc.html]
[www.eufxindex.com/markets-news95b4.html]
[www.eufxindex.com/it/markets-news95b4.html]
[www.eufxindex.com/es/markets-news95b4.html]
[www.eufxindex.com/markets-news5315.html]
[www.eufxindex.com/it/markets-news5315.html]
[www.eufxindex.com/es/markets-news5315.html]
[www.eufxindex.com/markets-news5342.html]
[www.eufxindex.com/it/markets-news5342.html]
[www.eufxindex.com/es/markets-news5342.html]
[www.eufxindex.com/markets-news383d.html]
[www.eufxindex.com/it/markets-news383d.html]
[www.eufxindex.com/es/markets-news383d.html]
[www.eufxindex.com/markets-news832e.html]
[www.eufxindex.com/it/markets-news832e.html]
[www.eufxindex.com/es/markets-news832e.html]
[www.eufxindex.com/markets-newsfc95.html]
[www.eufxindex.com/it/markets-newsfc95.html]
[www.eufxindex.com/es/markets-newsfc95.html]
[www.eufxindex.com/markets-news74ef.html]
[www.eufxindex.com/it/markets-news74ef.html]
[www.eufxindex.com/es/markets-news74ef.html]
[www.eufxindex.com/de/markets-news5f82.html]
[www.eufxindex.com/de/markets-newsb5a4.html]
[www.eufxindex.com/de/markets-news6746.html]
[www.eufxindex.com/de/markets-newsd89b.html]
[www.eufxindex.com/de/markets-news475e.html]
[www.eufxindex.com/de/markets-news2ea9.html]
[www.eufxindex.com/de/markets-news4838.html]
[www.eufxindex.com/de/markets-news5f9d.html]
[www.eufxindex.com/de/markets-newsd1ef.html]
[www.eufxindex.com/de/markets-news00b5.html]
[www.eufxindex.com/de/markets-news8c93.html]
[www.eufxindex.com/markets-news6217.html]
[www.eufxindex.com/it/markets-news6217.html]
[www.eufxindex.com/es/markets-news6217.html]
[www.eufxindex.com/markets-news4f53.html]
[www.eufxindex.com/it/markets-news4f53.html]
[www.eufxindex.com/es/markets-news4f53.html]
[www.eufxindex.com/markets-newsbbb4.html]
[www.eufxindex.com/it/markets-newsbbb4.html]
[www.eufxindex.com/es/markets-newsbbb4.html]
[www.eufxindex.com/markets-newse8bb.html]
[www.eufxindex.com/it/markets-newse8bb.html]
[www.eufxindex.com/es/markets-newse8bb.html]
[www.eufxindex.com/markets-news906a.html]
[www.eufxindex.com/de/markets-news906a.html]
[www.eufxindex.com/it/markets-news906a.html]
[www.eufxindex.com/es/markets-news906a.html]
[www.eufxindex.com/markets-news2771.html]
[www.eufxindex.com/it/markets-news2771.html]
[www.eufxindex.com/es/markets-news2771.html]
[www.eufxindex.com/markets-news7688.html]
[www.eufxindex.com/it/markets-news7688.html]
[www.eufxindex.com/es/markets-news7688.html]
[www.eufxindex.com/markets-news7cf3.html]
[www.eufxindex.com/it/markets-news7cf3.html]
[www.eufxindex.com/es/markets-news7cf3.html]
[www.eufxindex.com/markets-news27d6.html]
[www.eufxindex.com/it/markets-news27d6.html]
[www.eufxindex.com/es/markets-news27d6.html]
[www.eufxindex.com/markets-news8968.html]
[www.eufxindex.com/it/markets-news8968.html]
[www.eufxindex.com/es/markets-news8968.html]
[www.eufxindex.com/de/markets-news56c8.html]
[www.eufxindex.com/de/markets-news0154.html]
[www.eufxindex.com/de/markets-news0961.html]
[www.eufxindex.com/de/markets-newsa782.html]
[www.eufxindex.com/de/markets-news0ac3.html]
[www.eufxindex.com/de/markets-news662a.html]
[www.eufxindex.com/de/markets-newsc6bf.html]
[www.eufxindex.com/de/markets-news5d86.html]
[www.eufxindex.com/de/markets-newsd53a.html]
[www.eufxindex.com/de/markets-news0b7b.html]
[www.eufxindex.com/de/markets-newsa7f1.html]
[www.eufxindex.com/markets-news08f6.html]
[www.eufxindex.com/it/markets-news08f6.html]
[www.eufxindex.com/es/markets-news08f6.html]
[www.eufxindex.com/markets-news325f.html]
[www.eufxindex.com/it/markets-news325f.html]
[www.eufxindex.com/es/markets-news325f.html]
[www.eufxindex.com/markets-news50bc.html]
[www.eufxindex.com/it/markets-news50bc.html]
[www.eufxindex.com/es/markets-news50bc.html]
[www.eufxindex.com/markets-news4ea3.html]
[www.eufxindex.com/it/markets-news4ea3.html]
[www.eufxindex.com/es/markets-news4ea3.html]
[www.eufxindex.com/markets-newsa501.html]
[www.eufxindex.com/it/markets-newsa501.html]
[www.eufxindex.com/es/markets-newsa501.html]
[www.eufxindex.com/markets-newsda4a.html]
[www.eufxindex.com/it/markets-newsda4a.html]
[www.eufxindex.com/es/markets-newsda4a.html]
[www.eufxindex.com/markets-news2b7f.html]
[www.eufxindex.com/it/markets-news2b7f.html]
[www.eufxindex.com/es/markets-news2b7f.html]
[www.eufxindex.com/markets-newsb1f2.html]
[www.eufxindex.com/it/markets-newsb1f2.html]
[www.eufxindex.com/es/markets-newsb1f2.html]
[www.eufxindex.com/markets-news1837.html]
[www.eufxindex.com/it/markets-news1837.html]
[www.eufxindex.com/es/markets-news1837.html]
[www.eufxindex.com/markets-newsbc5b-2.html]
[www.eufxindex.com/it/markets-newsbc5b-2.html]
[www.eufxindex.com/es/markets-newsbc5b-2.html]
[www.eufxindex.com/de/markets-newsd165.html]
[www.eufxindex.com/de/markets-newsa690.html]
[www.eufxindex.com/de/markets-newsa66c.html]
[www.eufxindex.com/de/markets-newsc7e0.html]
[www.eufxindex.com/de/markets-news31dc.html]
[www.eufxindex.com/de/markets-news9f5f.html]
[www.eufxindex.com/de/markets-news58e5.html]
[www.eufxindex.com/de/markets-newsb3ea.html]
[www.eufxindex.com/de/markets-news02b3.html]
[www.eufxindex.com/de/markets-news5dfb.html]
[www.eufxindex.com/de/markets-news5760.html]
[www.eufxindex.com/markets-newsc2bb.html]
[www.eufxindex.com/it/markets-newsc2bb.html]
[www.eufxindex.com/es/markets-newsc2bb.html]
[www.eufxindex.com/markets-news8c33.html]
[www.eufxindex.com/it/markets-news8c33.html]
[www.eufxindex.com/es/markets-news8c33.html]
[www.eufxindex.com/markets-newsed7e.html]
[www.eufxindex.com/it/markets-newsed7e.html]
[www.eufxindex.com/es/markets-newsed7e.html]
[www.eufxindex.com/markets-news6756.html]
[www.eufxindex.com/it/markets-news6756.html]
[www.eufxindex.com/es/markets-news6756.html]
[www.eufxindex.com/markets-newsac43.html]
[www.eufxindex.com/it/markets-newsac43.html]
[www.eufxindex.com/es/markets-newsac43.html]
[www.eufxindex.com/markets-newsce6e.html]
[www.eufxindex.com/it/markets-newsce6e.html]
[www.eufxindex.com/es/markets-newsce6e.html]
[www.eufxindex.com/markets-newsf4e1.html]
[www.eufxindex.com/it/markets-newsf4e1.html]
[www.eufxindex.com/es/markets-newsf4e1.html]
[www.eufxindex.com/markets-news2eb6.html]
[www.eufxindex.com/it/markets-news2eb6.html]
[www.eufxindex.com/es/markets-news2eb6.html]
[www.eufxindex.com/markets-newsda96.html]
[www.eufxindex.com/it/markets-newsda96.html]
[www.eufxindex.com/es/markets-newsda96.html]
[www.eufxindex.com/markets-newscfa6.html]
[www.eufxindex.com/it/markets-newscfa6.html]
[www.eufxindex.com/es/markets-newscfa6.html]
[www.eufxindex.com/de/markets-news4a3d.html]
[www.eufxindex.com/de/markets-newsdf21.html]
[www.eufxindex.com/de/markets-news8c32.html]
[www.eufxindex.com/de/markets-news15d3.html]
[www.eufxindex.com/markets-newsb8ec.html]
[www.eufxindex.com/it/markets-newsb8ec.html]
[www.eufxindex.com/es/markets-newsb8ec.html]
[www.eufxindex.com/de/markets-newsb8ec.html]
[www.eufxindex.com/markets-news1ff5.html]
[www.eufxindex.com/it/markets-news1ff5.html]
[www.eufxindex.com/es/markets-news1ff5.html]
[www.eufxindex.com/de/markets-news1ff5.html]
[www.eufxindex.com/markets-news593a.html]
[www.eufxindex.com/it/markets-news593a.html]
[www.eufxindex.com/es/markets-news593a.html]
[www.eufxindex.com/de/markets-news593a.html]
[www.eufxindex.com/markets-news72a5.html]
[www.eufxindex.com/it/markets-news72a5.html]
[www.eufxindex.com/es/markets-news72a5.html]
[www.eufxindex.com/de/markets-news72a5.html]
[www.eufxindex.com/markets-newsa362.html]
[www.eufxindex.com/it/markets-newsa362.html]
[www.eufxindex.com/es/markets-newsa362.html]
[www.eufxindex.com/de/markets-newsa362.html]
[www.eufxindex.com/markets-newsedb9.html]
[www.eufxindex.com/it/markets-newsedb9.html]
[www.eufxindex.com/es/markets-newsedb9.html]
[www.eufxindex.com/de/markets-newsedb9.html]
[www.eufxindex.com/de/markets-news7814.html]
[www.eufxindex.com/de/markets-news64e3.html]
[www.eufxindex.com/de/markets-newsb586.html]
[www.eufxindex.com/de/markets-news1d41.html]
[www.eufxindex.com/de/markets-newsa3f4.html]
[www.eufxindex.com/de/markets-news8052.html]
[www.eufxindex.com/de/markets-newsf6cc.html]
[www.eufxindex.com/de/markets-news042e.html]
[www.eufxindex.com/de/markets-news0d04.html]
[www.eufxindex.com/de/markets-news86cd.html]
[www.eufxindex.com/de/markets-news763c.html]
[www.eufxindex.com/de/markets-news324e.html]
[www.eufxindex.com/markets-news9e30.html]
[www.eufxindex.com/it/markets-news9e30.html]
[www.eufxindex.com/es/markets-news9e30.html]
[www.eufxindex.com/de/markets-news9e30.html]
[www.eufxindex.com/markets-newsdebb.html]
[www.eufxindex.com/it/markets-newsdebb.html]
[www.eufxindex.com/es/markets-newsdebb.html]
[www.eufxindex.com/de/markets-newsdebb.html]
[www.eufxindex.com/markets-news0a07.html]
[www.eufxindex.com/it/markets-news0a07.html]
[www.eufxindex.com/es/markets-news0a07.html]
[www.eufxindex.com/de/markets-news0a07.html]
[www.eufxindex.com/markets-newsee64.html]
[www.eufxindex.com/it/markets-newsee64.html]
[www.eufxindex.com/es/markets-newsee64.html]
[www.eufxindex.com/de/markets-newsee64.html]
[www.eufxindex.com/markets-news752e.html]
[www.eufxindex.com/it/markets-news752e.html]
[www.eufxindex.com/es/markets-news752e.html]
[www.eufxindex.com/de/markets-news752e.html]
[www.eufxindex.com/markets-news83cd.html]
[www.eufxindex.com/it/markets-news83cd.html]
[www.eufxindex.com/es/markets-news83cd.html]
[www.eufxindex.com/de/markets-news83cd.html]
[www.eufxindex.com/markets-newse800.html]
[www.eufxindex.com/it/markets-newse800.html]
[www.eufxindex.com/es/markets-newse800.html]
[www.eufxindex.com/de/markets-newse800.html]
[www.eufxindex.com/markets-newseb04.html]
[www.eufxindex.com/it/markets-newseb04.html]
[www.eufxindex.com/es/markets-newseb04.html]
[www.eufxindex.com/de/markets-newseb04.html]
[www.eufxindex.com/markets-newsa5a3.html]
[www.eufxindex.com/it/markets-newsa5a3.html]
[www.eufxindex.com/es/markets-newsa5a3.html]
[www.eufxindex.com/de/markets-newsa5a3.html]
[www.eufxindex.com/markets-news9b95.html]
[www.eufxindex.com/it/markets-news9b95.html]
[www.eufxindex.com/es/markets-news9b95.html]
[www.eufxindex.com/de/markets-news9b95.html]
[www.eufxindex.com/de/markets-news1ab3.html]
[www.eufxindex.com/de/markets-newsdfd8.html]
[www.eufxindex.com/de/markets-newsd4a3.html]
[www.eufxindex.com/de/markets-newsf8fc.html]
[www.eufxindex.com/de/markets-newsf825.html]
[www.eufxindex.com/de/markets-news3d0a.html]
[www.eufxindex.com/de/markets-news3d72.html]
[www.eufxindex.com/de/markets-news428e.html]
[www.eufxindex.com/de/markets-news5565.html]
[www.eufxindex.com/de/markets-newse51f.html]
[www.eufxindex.com/de/markets-newse24e.html]
[www.eufxindex.com/de/markets-news09f5.html]
[www.eufxindex.com/de/markets-newsf497.html]
[www.eufxindex.com/de/markets-news8b08.html]
[www.eufxindex.com/de/markets-newse23c.html]
[www.eufxindex.com/de/markets-news0c28.html]
[www.eufxindex.com/de/markets-newsf6e8.html]
[www.eufxindex.com/de/markets-news18f6.html]
[www.eufxindex.com/de/markets-news966a.html]
[www.eufxindex.com/de/markets-newsa785.html]
[www.eufxindex.com/de/markets-news2c8c.html]
[www.eufxindex.com/de/markets-news29fc.html]
[www.eufxindex.com/de/markets-newsf104.html]
[www.eufxindex.com/de/markets-newsef9f.html]
[www.eufxindex.com/de/markets-newsce8a.html]
[www.eufxindex.com/de/markets-news00a3.html]
[www.eufxindex.com/de/markets-newsb574.html]
[www.eufxindex.com/de/markets-news8384.html]
[www.eufxindex.com/de/markets-news5a8a.html]
[www.eufxindex.com/de/markets-newsc7ab.html]
[www.eufxindex.com/de/markets-news9056.html]
[www.eufxindex.com/de/markets-news7bc9.html]
[www.eufxindex.com/de/markets-news270f.html]
[www.eufxindex.com/de/markets-news6c2f.html]
[www.eufxindex.com/de/markets-news0f91.html]
[www.eufxindex.com/de/markets-news6c6d.html]
[www.eufxindex.com/de/markets-news0c3b.html]
[www.eufxindex.com/de/markets-news779f.html]
[www.eufxindex.com/de/markets-news39b3.html]
[www.eufxindex.com/de/markets-news2b8d.html]
[www.eufxindex.com/de/markets-news79bb.html]
[www.eufxindex.com/de/markets-news3eb5.html]
[www.eufxindex.com/de/markets-newsfd4d.html]
[www.eufxindex.com/de/markets-news3963.html]
[www.eufxindex.com/markets-news3eeb.html]
[www.eufxindex.com/it/markets-news3eeb.html]
[www.eufxindex.com/es/markets-news3eeb.html]
[www.eufxindex.com/de/markets-news3eeb.html]
[www.eufxindex.com/markets-news28f7.html]
[www.eufxindex.com/it/markets-news28f7.html]
[www.eufxindex.com/es/markets-news28f7.html]
[www.eufxindex.com/de/markets-news28f7.html]
[www.eufxindex.com/markets-news646b.html]
[www.eufxindex.com/it/markets-news646b.html]
[www.eufxindex.com/es/markets-news646b.html]
[www.eufxindex.com/de/markets-news646b.html]
[www.eufxindex.com/markets-news419b.html]
[www.eufxindex.com/it/markets-news419b.html]
[www.eufxindex.com/es/markets-news419b.html]
[www.eufxindex.com/de/markets-news419b.html]
[www.eufxindex.com/markets-news6d82.html]
[www.eufxindex.com/it/markets-news6d82.html]
[www.eufxindex.com/es/markets-news6d82.html]
[www.eufxindex.com/de/markets-news6d82.html]
[www.eufxindex.com/markets-news8a10.html]
